e:\projects\skse\superstash\dep\skse\skse\debug\custommenu.obj
e:\projects\skse\superstash\dep\skse\skse\debug\gameevents.obj
e:\projects\skse\superstash\dep\skse\skse\debug\gameforms.obj
e:\projects\skse\superstash\dep\skse\skse\debug\gameobjects.obj
e:\projects\skse\superstash\dep\skse\skse\debug\gamesettings.obj
e:\projects\skse\superstash\dep\skse\skse\debug\gametypes.obj
e:\projects\skse\superstash\dep\skse\skse\debug\hooks_camera.obj
e:\projects\skse\superstash\dep\skse\skse\debug\hooks_event.obj
e:\projects\skse\superstash\dep\skse\skse\debug\hooks_netimmerse.obj
e:\projects\skse\superstash\dep\skse\skse\debug\hooks_scaleform.obj
e:\projects\skse\superstash\dep\skse\skse\debug\nicontrollers.obj
e:\projects\skse\superstash\dep\skse\skse\debug\niinterpolators.obj
e:\projects\skse\superstash\dep\skse\skse\debug\niobjects.obj
e:\projects\skse\superstash\dep\skse\skse\debug\niserialization.obj
e:\projects\skse\superstash\dep\skse\skse\debug\papyrusactor.obj
e:\projects\skse\superstash\dep\skse\skse\debug\papyrusalias.obj
e:\projects\skse\superstash\dep\skse\skse\debug\papyruscell.obj
e:\projects\skse\superstash\dep\skse\skse\debug\papyrusconstructibleobject.obj
e:\projects\skse\superstash\dep\skse\skse\debug\papyrusequipslot.obj
e:\projects\skse\superstash\dep\skse\skse\debug\papyrusform.obj
e:\projects\skse\superstash\dep\skse\skse\debug\papyrusingredient.obj
e:\projects\skse\superstash\dep\skse\skse\debug\papyrusleveledactor.obj
e:\projects\skse\superstash\dep\skse\skse\debug\papyrusmagiceffect.obj
e:\projects\skse\superstash\dep\skse\skse\debug\papyrusobjectreference.obj
e:\projects\skse\superstash\dep\skse\skse\debug\papyrusquest.obj
e:\projects\skse\superstash\dep\skse\skse\debug\papyrusskse.obj
e:\projects\skse\superstash\dep\skse\skse\debug\papyrusspell.obj
e:\projects\skse\superstash\dep\skse\skse\debug\papyrusuicallback.obj
e:\projects\skse\superstash\dep\skse\skse\debug\papyrusweather.obj
e:\projects\skse\superstash\dep\skse\skse\debug\safewrite.obj
e:\projects\skse\superstash\dep\skse\skse\debug\scaleformloader.obj
e:\projects\skse\superstash\dep\skse\skse\debug\scaleformtypes.obj
e:\projects\skse\superstash\dep\skse\skse\debug\translation.obj
e:\projects\skse\superstash\dep\skse\skse\debug\commandtable.obj
e:\projects\skse\superstash\dep\skse\skse\debug\gamedata.obj
e:\projects\skse\superstash\dep\skse\skse\debug\gamehandlers.obj
e:\projects\skse\superstash\dep\skse\skse\debug\gamemenus.obj
e:\projects\skse\superstash\dep\skse\skse\debug\gamertti.obj
e:\projects\skse\superstash\dep\skse\skse\debug\gamethreads.obj
e:\projects\skse\superstash\dep\skse\skse\debug\hooks_diagnostics.obj
e:\projects\skse\superstash\dep\skse\skse\debug\hooks_gameplay.obj
e:\projects\skse\superstash\dep\skse\skse\debug\hooks_papyrus.obj
e:\projects\skse\superstash\dep\skse\skse\debug\internalserialization.obj
e:\projects\skse\superstash\dep\skse\skse\debug\nilight.obj
e:\projects\skse\superstash\dep\skse\skse\debug\niproperties.obj
e:\projects\skse\superstash\dep\skse\skse\debug\nitextures.obj
e:\projects\skse\superstash\dep\skse\skse\debug\papyrusactorbase.obj
e:\projects\skse\superstash\dep\skse\skse\debug\papyrusargs.obj
e:\projects\skse\superstash\dep\skse\skse\debug\papyrusarmoraddon.obj
e:\projects\skse\superstash\dep\skse\skse\debug\papyrusclass.obj
e:\projects\skse\superstash\dep\skse\skse\debug\papyrusdefaultobjectmanager.obj
e:\projects\skse\superstash\dep\skse\skse\debug\papyrusevents.obj
e:\projects\skse\superstash\dep\skse\skse\debug\papyrusgame.obj
e:\projects\skse\superstash\dep\skse\skse\debug\papyruskeyword.obj
e:\projects\skse\superstash\dep\skse\skse\debug\papyrusmodevent.obj
e:\projects\skse\superstash\dep\skse\skse\debug\papyrusperk.obj
e:\projects\skse\superstash\dep\skse\skse\debug\papyrusscroll.obj
e:\projects\skse\superstash\dep\skse\skse\debug\papyrussound.obj
e:\projects\skse\superstash\dep\skse\skse\debug\papyrusstringutil.obj
e:\projects\skse\superstash\dep\skse\skse\debug\papyrusutility.obj
e:\projects\skse\superstash\dep\skse\skse\debug\papyrusweapon.obj
e:\projects\skse\superstash\dep\skse\skse\debug\scaleformapi.obj
e:\projects\skse\superstash\dep\skse\skse\debug\scaleformmovie.obj
e:\projects\skse\superstash\dep\skse\skse\debug\scaleformvm.obj
e:\projects\skse\superstash\dep\skse\skse\debug\utilities.obj
e:\projects\skse\superstash\dep\skse\skse\debug\colors.obj
e:\projects\skse\superstash\dep\skse\skse\debug\gamecamera.obj
e:\projects\skse\superstash\dep\skse\skse\debug\gameextradata.obj
e:\projects\skse\superstash\dep\skse\skse\debug\gameinput.obj
e:\projects\skse\superstash\dep\skse\skse\debug\gamereferences.obj
e:\projects\skse\superstash\dep\skse\skse\debug\globallocks.obj
e:\projects\skse\superstash\dep\skse\skse\debug\hooks_data.obj
e:\projects\skse\superstash\dep\skse\skse\debug\hooks_handlers.obj
e:\projects\skse\superstash\dep\skse\skse\debug\hooks_saveload.obj
e:\projects\skse\superstash\dep\skse\skse\debug\inputmap.obj
e:\projects\skse\superstash\dep\skse\skse\debug\niadditionalgeometrydata.obj
e:\projects\skse\superstash\dep\skse\skse\debug\nigeometry.obj
e:\projects\skse\superstash\dep\skse\skse\debug\ninodes.obj
e:\projects\skse\superstash\dep\skse\skse\debug\nirenderer.obj
e:\projects\skse\superstash\dep\skse\skse\debug\nitypes.obj
e:\projects\skse\superstash\dep\skse\skse\debug\papyrusactorvalueinfo.obj
e:\projects\skse\superstash\dep\skse\skse\debug\papyrusarmor.obj
e:\projects\skse\superstash\dep\skse\skse\debug\papyrusbook.obj
e:\projects\skse\superstash\dep\skse\skse\debug\papyruscombatstyle.obj
e:\projects\skse\superstash\dep\skse\skse\debug\papyrusenchantment.obj
e:\projects\skse\superstash\dep\skse\skse\debug\papyrusflora.obj
e:\projects\skse\superstash\dep\skse\skse\debug\papyrusformlist.obj
e:\projects\skse\superstash\dep\skse\skse\debug\papyrusheadpart.obj
e:\projects\skse\superstash\dep\skse\skse\debug\papyrusleveledspell.obj
e:\projects\skse\superstash\dep\skse\skse\debug\papyrusmisc.obj
e:\projects\skse\superstash\dep\skse\skse\debug\papyrusnetimmerse.obj
e:\projects\skse\superstash\dep\skse\skse\debug\papyruspotion.obj
e:\projects\skse\superstash\dep\skse\skse\debug\papyrusshout.obj
e:\projects\skse\superstash\dep\skse\skse\debug\papyrusspawnertask.obj
e:\projects\skse\superstash\dep\skse\skse\debug\papyrustree.obj
e:\projects\skse\superstash\dep\skse\skse\debug\papyrusvm.obj
e:\projects\skse\superstash\dep\skse\skse\debug\pluginmanager.obj
e:\projects\skse\superstash\dep\skse\skse\debug\scaleformextendeddata.obj
e:\projects\skse\superstash\dep\skse\skse\debug\serialization.obj
e:\projects\skse\superstash\dep\skse\skse\debug\gameapi.obj
e:\projects\skse\superstash\dep\skse\skse\debug\gamebsextradata.obj
e:\projects\skse\superstash\dep\skse\skse\debug\gameformcomponents.obj
e:\projects\skse\superstash\dep\skse\skse\debug\gamepathing.obj
e:\projects\skse\superstash\dep\skse\skse\debug\gameresources.obj
e:\projects\skse\superstash\dep\skse\skse\debug\gamestreams.obj
e:\projects\skse\superstash\dep\skse\skse\debug\hashutil.obj
e:\projects\skse\superstash\dep\skse\skse\debug\hooks_debug.obj
e:\projects\skse\superstash\dep\skse\skse\debug\hooks_directinput8create.obj
e:\projects\skse\superstash\dep\skse\skse\debug\hooks_memory.obj
e:\projects\skse\superstash\dep\skse\skse\debug\hooks_obscript.obj
e:\projects\skse\superstash\dep\skse\skse\debug\hooks_threads.obj
e:\projects\skse\superstash\dep\skse\skse\debug\hooks_ui.obj
e:\projects\skse\superstash\dep\skse\skse\debug\niextradata.obj
e:\projects\skse\superstash\dep\skse\skse\debug\nimaterial.obj
e:\projects\skse\superstash\dep\skse\skse\debug\nirtti.obj
e:\projects\skse\superstash\dep\skse\skse\debug\papyrusactivemagiceffect.obj
e:\projects\skse\superstash\dep\skse\skse\debug\papyrusammo.obj
e:\projects\skse\superstash\dep\skse\skse\debug\papyrusart.obj
e:\projects\skse\superstash\dep\skse\skse\debug\papyruscolorform.obj
e:\projects\skse\superstash\dep\skse\skse\debug\papyrusdelayfunctors.obj
e:\projects\skse\superstash\dep\skse\skse\debug\papyrusfaction.obj
e:\projects\skse\superstash\dep\skse\skse\debug\papyrusgamedata.obj
e:\projects\skse\superstash\dep\skse\skse\debug\papyrusinput.obj
e:\projects\skse\superstash\dep\skse\skse\debug\papyrusleveleditem.obj
e:\projects\skse\superstash\dep\skse\skse\debug\papyrusmath.obj
e:\projects\skse\superstash\dep\skse\skse\debug\papyrusnativefunctions.obj
e:\projects\skse\superstash\dep\skse\skse\debug\papyrusobjects.obj
e:\projects\skse\superstash\dep\skse\skse\debug\papyrusrace.obj
e:\projects\skse\superstash\dep\skse\skse\debug\papyrussounddescriptor.obj
e:\projects\skse\superstash\dep\skse\skse\debug\papyrustextureset.obj
e:\projects\skse\superstash\dep\skse\skse\debug\papyrusui.obj
e:\projects\skse\superstash\dep\skse\skse\debug\papyruswornobject.obj
e:\projects\skse\superstash\dep\skse\skse\debug\scaleformcallbacks.obj
e:\projects\skse\superstash\dep\skse\skse\debug\scaleformstate.obj
e:\projects\skse\superstash\dep\skse\skse\debug\skse.obj
e:\projects\skse\superstash\dep\skse\skse\debug\vc120.pdb
e:\projects\skse\dbm_utils\dep\skse\skse\debug\colors.obj
e:\projects\skse\dbm_utils\dep\skse\skse\debug\gamebsextradata.obj
e:\projects\skse\dbm_utils\dep\skse\skse\debug\gameformcomponents.obj
e:\projects\skse\dbm_utils\dep\skse\skse\debug\gamepathing.obj
e:\projects\skse\dbm_utils\dep\skse\skse\debug\gameresources.obj
e:\projects\skse\dbm_utils\dep\skse\skse\debug\gamestreams.obj
e:\projects\skse\dbm_utils\dep\skse\skse\debug\hashutil.obj
e:\projects\skse\dbm_utils\dep\skse\skse\debug\hooks_diagnostics.obj
e:\projects\skse\dbm_utils\dep\skse\skse\debug\hooks_gameplay.obj
e:\projects\skse\dbm_utils\dep\skse\skse\debug\hooks_obscript.obj
e:\projects\skse\dbm_utils\dep\skse\skse\debug\hooks_scaleform.obj
e:\projects\skse\dbm_utils\dep\skse\skse\debug\nicontrollers.obj
e:\projects\skse\dbm_utils\dep\skse\skse\debug\nilight.obj
e:\projects\skse\dbm_utils\dep\skse\skse\debug\niproperties.obj
e:\projects\skse\dbm_utils\dep\skse\skse\debug\nitextures.obj
e:\projects\skse\dbm_utils\dep\skse\skse\debug\papyrusactorbase.obj
e:\projects\skse\dbm_utils\dep\skse\skse\debug\papyrusargs.obj
e:\projects\skse\dbm_utils\dep\skse\skse\debug\papyrusarmoraddon.obj
e:\projects\skse\dbm_utils\dep\skse\skse\debug\papyrusclass.obj
e:\projects\skse\dbm_utils\dep\skse\skse\debug\papyrusdefaultobjectmanager.obj
e:\projects\skse\dbm_utils\dep\skse\skse\debug\papyrusevents.obj
e:\projects\skse\dbm_utils\dep\skse\skse\debug\papyrusgame.obj
e:\projects\skse\dbm_utils\dep\skse\skse\debug\papyruskeyword.obj
e:\projects\skse\dbm_utils\dep\skse\skse\debug\papyrusmagiceffect.obj
e:\projects\skse\dbm_utils\dep\skse\skse\debug\papyrusnetimmerse.obj
e:\projects\skse\dbm_utils\dep\skse\skse\debug\papyruspotion.obj
e:\projects\skse\dbm_utils\dep\skse\skse\debug\papyrusshout.obj
e:\projects\skse\dbm_utils\dep\skse\skse\debug\papyrusspawnertask.obj
e:\projects\skse\dbm_utils\dep\skse\skse\debug\papyrustree.obj
e:\projects\skse\dbm_utils\dep\skse\skse\debug\papyrusvm.obj
e:\projects\skse\dbm_utils\dep\skse\skse\debug\papyrusweather.obj
e:\projects\skse\dbm_utils\dep\skse\skse\debug\safewrite.obj
e:\projects\skse\dbm_utils\dep\skse\skse\debug\scaleformloader.obj
e:\projects\skse\dbm_utils\dep\skse\skse\debug\scaleformtypes.obj
e:\projects\skse\dbm_utils\dep\skse\skse\debug\translation.obj
e:\projects\skse\dbm_utils\dep\skse\skse\debug\commandtable.obj
e:\projects\skse\dbm_utils\dep\skse\skse\debug\gamedata.obj
e:\projects\skse\dbm_utils\dep\skse\skse\debug\gamehandlers.obj
e:\projects\skse\dbm_utils\dep\skse\skse\debug\gameobjects.obj
e:\projects\skse\dbm_utils\dep\skse\skse\debug\gamesettings.obj
e:\projects\skse\dbm_utils\dep\skse\skse\debug\globallocks.obj
e:\projects\skse\dbm_utils\dep\skse\skse\debug\hooks_data.obj
e:\projects\skse\dbm_utils\dep\skse\skse\debug\hooks_handlers.obj
e:\projects\skse\dbm_utils\dep\skse\skse\debug\hooks_saveload.obj
e:\projects\skse\dbm_utils\dep\skse\skse\debug\hooks_ui.obj
e:\projects\skse\dbm_utils\dep\skse\skse\debug\niextradata.obj
e:\projects\skse\dbm_utils\dep\skse\skse\debug\nimaterial.obj
e:\projects\skse\dbm_utils\dep\skse\skse\debug\nirenderer.obj
e:\projects\skse\dbm_utils\dep\skse\skse\debug\nitypes.obj
e:\projects\skse\dbm_utils\dep\skse\skse\debug\papyrusactorvalueinfo.obj
e:\projects\skse\dbm_utils\dep\skse\skse\debug\papyrusarmor.obj
e:\projects\skse\dbm_utils\dep\skse\skse\debug\papyrusbook.obj
e:\projects\skse\dbm_utils\dep\skse\skse\debug\papyruscombatstyle.obj
e:\projects\skse\dbm_utils\dep\skse\skse\debug\papyrusenchantment.obj
e:\projects\skse\dbm_utils\dep\skse\skse\debug\papyrusfaction.obj
e:\projects\skse\dbm_utils\dep\skse\skse\debug\papyrusgamedata.obj
e:\projects\skse\dbm_utils\dep\skse\skse\debug\papyrusinput.obj
e:\projects\skse\dbm_utils\dep\skse\skse\debug\papyrusleveledspell.obj
e:\projects\skse\dbm_utils\dep\skse\skse\debug\papyrusmodevent.obj
e:\projects\skse\dbm_utils\dep\skse\skse\debug\papyrusperk.obj
e:\projects\skse\dbm_utils\dep\skse\skse\debug\papyrusscroll.obj
e:\projects\skse\dbm_utils\dep\skse\skse\debug\papyrussounddescriptor.obj
e:\projects\skse\dbm_utils\dep\skse\skse\debug\papyrustextureset.obj
e:\projects\skse\dbm_utils\dep\skse\skse\debug\papyrusui.obj
e:\projects\skse\dbm_utils\dep\skse\skse\debug\papyruswornobject.obj
e:\projects\skse\dbm_utils\dep\skse\skse\debug\scaleformcallbacks.obj
e:\projects\skse\dbm_utils\dep\skse\skse\debug\scaleformstate.obj
e:\projects\skse\dbm_utils\dep\skse\skse\debug\skse.obj
e:\projects\skse\dbm_utils\dep\skse\skse\debug\custommenu.obj
e:\projects\skse\dbm_utils\dep\skse\skse\debug\gameevents.obj
e:\projects\skse\dbm_utils\dep\skse\skse\debug\gameforms.obj
e:\projects\skse\dbm_utils\dep\skse\skse\debug\gameinput.obj
e:\projects\skse\dbm_utils\dep\skse\skse\debug\gamereferences.obj
e:\projects\skse\dbm_utils\dep\skse\skse\debug\gametypes.obj
e:\projects\skse\dbm_utils\dep\skse\skse\debug\hooks_camera.obj
e:\projects\skse\dbm_utils\dep\skse\skse\debug\hooks_event.obj
e:\projects\skse\dbm_utils\dep\skse\skse\debug\hooks_netimmerse.obj
e:\projects\skse\dbm_utils\dep\skse\skse\debug\hooks_threads.obj
e:\projects\skse\dbm_utils\dep\skse\skse\debug\internalserialization.obj
e:\projects\skse\dbm_utils\dep\skse\skse\debug\niinterpolators.obj
e:\projects\skse\dbm_utils\dep\skse\skse\debug\niobjects.obj
e:\projects\skse\dbm_utils\dep\skse\skse\debug\niserialization.obj
e:\projects\skse\dbm_utils\dep\skse\skse\debug\papyrusactor.obj
e:\projects\skse\dbm_utils\dep\skse\skse\debug\papyrusalias.obj
e:\projects\skse\dbm_utils\dep\skse\skse\debug\papyruscell.obj
e:\projects\skse\dbm_utils\dep\skse\skse\debug\papyrusconstructibleobject.obj
e:\projects\skse\dbm_utils\dep\skse\skse\debug\papyrusequipslot.obj
e:\projects\skse\dbm_utils\dep\skse\skse\debug\papyrusform.obj
e:\projects\skse\dbm_utils\dep\skse\skse\debug\papyrusingredient.obj
e:\projects\skse\dbm_utils\dep\skse\skse\debug\papyrusleveledactor.obj
e:\projects\skse\dbm_utils\dep\skse\skse\debug\papyrusmath.obj
e:\projects\skse\dbm_utils\dep\skse\skse\debug\papyrusnativefunctions.obj
e:\projects\skse\dbm_utils\dep\skse\skse\debug\papyrusobjects.obj
e:\projects\skse\dbm_utils\dep\skse\skse\debug\papyrusrace.obj
e:\projects\skse\dbm_utils\dep\skse\skse\debug\papyrussound.obj
e:\projects\skse\dbm_utils\dep\skse\skse\debug\papyrusstringutil.obj
e:\projects\skse\dbm_utils\dep\skse\skse\debug\papyrusutility.obj
e:\projects\skse\dbm_utils\dep\skse\skse\debug\papyrusweapon.obj
e:\projects\skse\dbm_utils\dep\skse\skse\debug\scaleformapi.obj
e:\projects\skse\dbm_utils\dep\skse\skse\debug\scaleformmovie.obj
e:\projects\skse\dbm_utils\dep\skse\skse\debug\serialization.obj
e:\projects\skse\dbm_utils\dep\skse\skse\debug\gameapi.obj
e:\projects\skse\dbm_utils\dep\skse\skse\debug\gamecamera.obj
e:\projects\skse\dbm_utils\dep\skse\skse\debug\gameextradata.obj
e:\projects\skse\dbm_utils\dep\skse\skse\debug\gamemenus.obj
e:\projects\skse\dbm_utils\dep\skse\skse\debug\gamertti.obj
e:\projects\skse\dbm_utils\dep\skse\skse\debug\gamethreads.obj
e:\projects\skse\dbm_utils\dep\skse\skse\debug\hooks_debug.obj
e:\projects\skse\dbm_utils\dep\skse\skse\debug\hooks_directinput8create.obj
e:\projects\skse\dbm_utils\dep\skse\skse\debug\hooks_memory.obj
e:\projects\skse\dbm_utils\dep\skse\skse\debug\hooks_papyrus.obj
e:\projects\skse\dbm_utils\dep\skse\skse\debug\inputmap.obj
e:\projects\skse\dbm_utils\dep\skse\skse\debug\niadditionalgeometrydata.obj
e:\projects\skse\dbm_utils\dep\skse\skse\debug\nigeometry.obj
e:\projects\skse\dbm_utils\dep\skse\skse\debug\ninodes.obj
e:\projects\skse\dbm_utils\dep\skse\skse\debug\nirtti.obj
e:\projects\skse\dbm_utils\dep\skse\skse\debug\papyrusactivemagiceffect.obj
e:\projects\skse\dbm_utils\dep\skse\skse\debug\papyrusammo.obj
e:\projects\skse\dbm_utils\dep\skse\skse\debug\papyrusart.obj
e:\projects\skse\dbm_utils\dep\skse\skse\debug\papyruscolorform.obj
e:\projects\skse\dbm_utils\dep\skse\skse\debug\papyrusdelayfunctors.obj
e:\projects\skse\dbm_utils\dep\skse\skse\debug\papyrusflora.obj
e:\projects\skse\dbm_utils\dep\skse\skse\debug\papyrusformlist.obj
e:\projects\skse\dbm_utils\dep\skse\skse\debug\papyrusheadpart.obj
e:\projects\skse\dbm_utils\dep\skse\skse\debug\papyrusleveleditem.obj
e:\projects\skse\dbm_utils\dep\skse\skse\debug\papyrusmisc.obj
e:\projects\skse\dbm_utils\dep\skse\skse\debug\papyrusobjectreference.obj
e:\projects\skse\dbm_utils\dep\skse\skse\debug\papyrusquest.obj
e:\projects\skse\dbm_utils\dep\skse\skse\debug\papyrusskse.obj
e:\projects\skse\dbm_utils\dep\skse\skse\debug\papyrusspell.obj
e:\projects\skse\dbm_utils\dep\skse\skse\debug\papyrusuicallback.obj
e:\projects\skse\dbm_utils\dep\skse\skse\debug\pluginmanager.obj
e:\projects\skse\dbm_utils\dep\skse\skse\debug\scaleformextendeddata.obj
e:\projects\skse\dbm_utils\dep\skse\skse\debug\scaleformvm.obj
e:\projects\skse\dbm_utils\dep\skse\skse\debug\utilities.obj
e:\projects\skse\dbm_utils\dep\skse\skse\debug\vc120.pdb
e:\projects\skse\superstash\debug\skse.lib
e:\projects\skse\dbm_utils\debug\skse.lib
e:\projects\skse\superstash\dep\skse\skse\debug\skse_version.res
e:\projects\skse\dbm_utils\dep\skse\skse\debug\skse_version.res
d:\projects\skse\dbm_utils\dep\skse\skse\debug\skse.vcxprojresolveassemblyreference.cache
d:\projects\skse\dbm_utils\dep\skse\skse\debug\colors.obj
d:\projects\skse\dbm_utils\dep\skse\skse\debug\commandtable.obj
d:\projects\skse\dbm_utils\dep\skse\skse\debug\custommenu.obj
d:\projects\skse\dbm_utils\dep\skse\skse\debug\gameapi.obj
d:\projects\skse\dbm_utils\dep\skse\skse\debug\gamebsextradata.obj
d:\projects\skse\dbm_utils\dep\skse\skse\debug\gamecamera.obj
d:\projects\skse\dbm_utils\dep\skse\skse\debug\gamedata.obj
d:\projects\skse\dbm_utils\dep\skse\skse\debug\gameevents.obj
d:\projects\skse\dbm_utils\dep\skse\skse\debug\gameextradata.obj
d:\projects\skse\dbm_utils\dep\skse\skse\debug\gameformcomponents.obj
d:\projects\skse\dbm_utils\dep\skse\skse\debug\gameforms.obj
d:\projects\skse\dbm_utils\dep\skse\skse\debug\gamehandlers.obj
d:\projects\skse\dbm_utils\dep\skse\skse\debug\gameinput.obj
d:\projects\skse\dbm_utils\dep\skse\skse\debug\gamemenus.obj
d:\projects\skse\dbm_utils\dep\skse\skse\debug\gameobjects.obj
d:\projects\skse\dbm_utils\dep\skse\skse\debug\gamepathing.obj
d:\projects\skse\dbm_utils\dep\skse\skse\debug\gamereferences.obj
d:\projects\skse\dbm_utils\dep\skse\skse\debug\gameresources.obj
d:\projects\skse\dbm_utils\dep\skse\skse\debug\gamertti.obj
d:\projects\skse\dbm_utils\dep\skse\skse\debug\gamesettings.obj
d:\projects\skse\dbm_utils\dep\skse\skse\debug\gamestreams.obj
d:\projects\skse\dbm_utils\dep\skse\skse\debug\gamethreads.obj
d:\projects\skse\dbm_utils\dep\skse\skse\debug\gametypes.obj
d:\projects\skse\dbm_utils\dep\skse\skse\debug\globallocks.obj
d:\projects\skse\dbm_utils\dep\skse\skse\debug\hashutil.obj
d:\projects\skse\dbm_utils\dep\skse\skse\debug\hooks_camera.obj
d:\projects\skse\dbm_utils\dep\skse\skse\debug\hooks_data.obj
d:\projects\skse\dbm_utils\dep\skse\skse\debug\hooks_debug.obj
d:\projects\skse\dbm_utils\dep\skse\skse\debug\hooks_diagnostics.obj
d:\projects\skse\dbm_utils\dep\skse\skse\debug\hooks_directinput8create.obj
d:\projects\skse\dbm_utils\dep\skse\skse\debug\hooks_event.obj
d:\projects\skse\dbm_utils\dep\skse\skse\debug\hooks_gameplay.obj
d:\projects\skse\dbm_utils\dep\skse\skse\debug\hooks_handlers.obj
d:\projects\skse\dbm_utils\dep\skse\skse\debug\hooks_memory.obj
d:\projects\skse\dbm_utils\dep\skse\skse\debug\hooks_netimmerse.obj
d:\projects\skse\dbm_utils\dep\skse\skse\debug\hooks_obscript.obj
d:\projects\skse\dbm_utils\dep\skse\skse\debug\hooks_papyrus.obj
d:\projects\skse\dbm_utils\dep\skse\skse\debug\hooks_saveload.obj
d:\projects\skse\dbm_utils\dep\skse\skse\debug\hooks_scaleform.obj
d:\projects\skse\dbm_utils\dep\skse\skse\debug\hooks_threads.obj
d:\projects\skse\dbm_utils\dep\skse\skse\debug\hooks_ui.obj
d:\projects\skse\dbm_utils\dep\skse\skse\debug\inputmap.obj
d:\projects\skse\dbm_utils\dep\skse\skse\debug\internalserialization.obj
d:\projects\skse\dbm_utils\dep\skse\skse\debug\niadditionalgeometrydata.obj
d:\projects\skse\dbm_utils\dep\skse\skse\debug\nicontrollers.obj
d:\projects\skse\dbm_utils\dep\skse\skse\debug\niextradata.obj
d:\projects\skse\dbm_utils\dep\skse\skse\debug\nigeometry.obj
d:\projects\skse\dbm_utils\dep\skse\skse\debug\niinterpolators.obj
d:\projects\skse\dbm_utils\dep\skse\skse\debug\nilight.obj
d:\projects\skse\dbm_utils\dep\skse\skse\debug\nimaterial.obj
d:\projects\skse\dbm_utils\dep\skse\skse\debug\ninodes.obj
d:\projects\skse\dbm_utils\dep\skse\skse\debug\niobjects.obj
d:\projects\skse\dbm_utils\dep\skse\skse\debug\niproperties.obj
d:\projects\skse\dbm_utils\dep\skse\skse\debug\nirenderer.obj
d:\projects\skse\dbm_utils\dep\skse\skse\debug\nirtti.obj
d:\projects\skse\dbm_utils\dep\skse\skse\debug\niserialization.obj
d:\projects\skse\dbm_utils\dep\skse\skse\debug\nitextures.obj
d:\projects\skse\dbm_utils\dep\skse\skse\debug\nitypes.obj
d:\projects\skse\dbm_utils\dep\skse\skse\debug\papyrusactivemagiceffect.obj
d:\projects\skse\dbm_utils\dep\skse\skse\debug\papyrusactor.obj
d:\projects\skse\dbm_utils\dep\skse\skse\debug\papyrusactorbase.obj
d:\projects\skse\dbm_utils\dep\skse\skse\debug\papyrusactorvalueinfo.obj
d:\projects\skse\dbm_utils\dep\skse\skse\debug\papyrusalias.obj
d:\projects\skse\dbm_utils\dep\skse\skse\debug\papyrusammo.obj
d:\projects\skse\dbm_utils\dep\skse\skse\debug\papyrusargs.obj
d:\projects\skse\dbm_utils\dep\skse\skse\debug\papyrusarmor.obj
d:\projects\skse\dbm_utils\dep\skse\skse\debug\papyrusarmoraddon.obj
d:\projects\skse\dbm_utils\dep\skse\skse\debug\papyrusart.obj
d:\projects\skse\dbm_utils\dep\skse\skse\debug\papyrusbook.obj
d:\projects\skse\dbm_utils\dep\skse\skse\debug\papyruscell.obj
d:\projects\skse\dbm_utils\dep\skse\skse\debug\papyrusclass.obj
d:\projects\skse\dbm_utils\dep\skse\skse\debug\papyruscolorform.obj
d:\projects\skse\dbm_utils\dep\skse\skse\debug\papyruscombatstyle.obj
d:\projects\skse\dbm_utils\dep\skse\skse\debug\papyrusconstructibleobject.obj
d:\projects\skse\dbm_utils\dep\skse\skse\debug\papyrusdefaultobjectmanager.obj
d:\projects\skse\dbm_utils\dep\skse\skse\debug\papyrusdelayfunctors.obj
d:\projects\skse\dbm_utils\dep\skse\skse\debug\papyrusenchantment.obj
d:\projects\skse\dbm_utils\dep\skse\skse\debug\papyrusequipslot.obj
d:\projects\skse\dbm_utils\dep\skse\skse\debug\papyrusevents.obj
d:\projects\skse\dbm_utils\dep\skse\skse\debug\papyrusfaction.obj
d:\projects\skse\dbm_utils\dep\skse\skse\debug\papyrusflora.obj
d:\projects\skse\dbm_utils\dep\skse\skse\debug\papyrusform.obj
d:\projects\skse\dbm_utils\dep\skse\skse\debug\papyrusformlist.obj
d:\projects\skse\dbm_utils\dep\skse\skse\debug\papyrusgame.obj
d:\projects\skse\dbm_utils\dep\skse\skse\debug\papyrusgamedata.obj
d:\projects\skse\dbm_utils\dep\skse\skse\debug\papyrusheadpart.obj
d:\projects\skse\dbm_utils\dep\skse\skse\debug\papyrusingredient.obj
d:\projects\skse\dbm_utils\dep\skse\skse\debug\papyrusinput.obj
d:\projects\skse\dbm_utils\dep\skse\skse\debug\papyruskeyword.obj
d:\projects\skse\dbm_utils\dep\skse\skse\debug\papyrusleveledactor.obj
d:\projects\skse\dbm_utils\dep\skse\skse\debug\papyrusleveleditem.obj
d:\projects\skse\dbm_utils\dep\skse\skse\debug\papyrusleveledspell.obj
d:\projects\skse\dbm_utils\dep\skse\skse\debug\papyrusmagiceffect.obj
d:\projects\skse\dbm_utils\dep\skse\skse\debug\papyrusmath.obj
d:\projects\skse\dbm_utils\dep\skse\skse\debug\papyrusmisc.obj
d:\projects\skse\dbm_utils\dep\skse\skse\debug\papyrusmodevent.obj
d:\projects\skse\dbm_utils\dep\skse\skse\debug\papyrusnativefunctions.obj
d:\projects\skse\dbm_utils\dep\skse\skse\debug\papyrusnetimmerse.obj
d:\projects\skse\dbm_utils\dep\skse\skse\debug\papyrusobjectreference.obj
d:\projects\skse\dbm_utils\dep\skse\skse\debug\papyrusobjects.obj
d:\projects\skse\dbm_utils\dep\skse\skse\debug\papyrusperk.obj
d:\projects\skse\dbm_utils\dep\skse\skse\debug\papyruspotion.obj
d:\projects\skse\dbm_utils\dep\skse\skse\debug\papyrusquest.obj
d:\projects\skse\dbm_utils\dep\skse\skse\debug\papyrusrace.obj
d:\projects\skse\dbm_utils\dep\skse\skse\debug\papyrusscroll.obj
d:\projects\skse\dbm_utils\dep\skse\skse\debug\papyrusshout.obj
d:\projects\skse\dbm_utils\dep\skse\skse\debug\papyrusskse.obj
d:\projects\skse\dbm_utils\dep\skse\skse\debug\papyrussound.obj
d:\projects\skse\dbm_utils\dep\skse\skse\debug\papyrussounddescriptor.obj
d:\projects\skse\dbm_utils\dep\skse\skse\debug\papyrusspawnertask.obj
d:\projects\skse\dbm_utils\dep\skse\skse\debug\papyrusspell.obj
d:\projects\skse\dbm_utils\dep\skse\skse\debug\papyrusstringutil.obj
d:\projects\skse\dbm_utils\dep\skse\skse\debug\papyrustextureset.obj
d:\projects\skse\dbm_utils\dep\skse\skse\debug\papyrustree.obj
d:\projects\skse\dbm_utils\dep\skse\skse\debug\papyrusui.obj
d:\projects\skse\dbm_utils\dep\skse\skse\debug\papyrusuicallback.obj
d:\projects\skse\dbm_utils\dep\skse\skse\debug\papyrusutility.obj
d:\projects\skse\dbm_utils\dep\skse\skse\debug\papyrusvm.obj
d:\projects\skse\dbm_utils\dep\skse\skse\debug\papyrusweapon.obj
d:\projects\skse\dbm_utils\dep\skse\skse\debug\papyrusweather.obj
d:\projects\skse\dbm_utils\dep\skse\skse\debug\papyruswornobject.obj
d:\projects\skse\dbm_utils\dep\skse\skse\debug\pluginmanager.obj
d:\projects\skse\dbm_utils\dep\skse\skse\debug\safewrite.obj
d:\projects\skse\dbm_utils\dep\skse\skse\debug\scaleformapi.obj
d:\projects\skse\dbm_utils\dep\skse\skse\debug\scaleformcallbacks.obj
d:\projects\skse\dbm_utils\dep\skse\skse\debug\scaleformextendeddata.obj
d:\projects\skse\dbm_utils\dep\skse\skse\debug\scaleformloader.obj
d:\projects\skse\dbm_utils\dep\skse\skse\debug\scaleformmovie.obj
d:\projects\skse\dbm_utils\dep\skse\skse\debug\scaleformstate.obj
d:\projects\skse\dbm_utils\dep\skse\skse\debug\scaleformtypes.obj
d:\projects\skse\dbm_utils\dep\skse\skse\debug\scaleformvm.obj
d:\projects\skse\dbm_utils\dep\skse\skse\debug\serialization.obj
d:\projects\skse\dbm_utils\dep\skse\skse\debug\skse.obj
d:\projects\skse\dbm_utils\dep\skse\skse\debug\translation.obj
d:\projects\skse\dbm_utils\dep\skse\skse\debug\utilities.obj
d:\projects\skse\dbm_utils\dep\skse\skse\debug\skse_version.res
d:\projects\skse\dbm_utils\dep\skse\skse\debug\vc120.idb
d:\projects\skse\dbm_utils\dep\skse\skse\debug\vc120.pdb
d:\projects\skse\dbm_utils\debug\skse.lib
d:\projects\skse\dbm_utils\dep\skse\skse\debug\skse.tlog\cl.command.1.tlog
d:\projects\skse\dbm_utils\dep\skse\skse\debug\skse.tlog\cl.read.1.tlog
d:\projects\skse\dbm_utils\dep\skse\skse\debug\skse.tlog\cl.write.1.tlog
d:\projects\skse\dbm_utils\dep\skse\skse\debug\skse.tlog\lib-link-cvtres.read.1.tlog
d:\projects\skse\dbm_utils\dep\skse\skse\debug\skse.tlog\lib-link-cvtres.write.1.tlog
d:\projects\skse\dbm_utils\dep\skse\skse\debug\skse.tlog\lib.command.1.tlog
d:\projects\skse\dbm_utils\dep\skse\skse\debug\skse.tlog\rc.command.1.tlog
d:\projects\skse\dbm_utils\dep\skse\skse\debug\skse.tlog\rc.read.1.tlog
d:\projects\skse\dbm_utils\dep\skse\skse\debug\skse.tlog\rc.write.1.tlog
